{"uid":"b3f66d97993d628d","name":"test_03","fullName":"test_case.test_baidu.TestBaidu#test_03","historyId":"f749c01a1e127a691493052e07716f0a","time":{"start":1654976575989,"stop":1654976576005,"duration":16},"status":"broken","statusMessage":"selenium.common.exceptions.NoSuchElementException: Message: no such element: Unable to locate element: {\"method\":\"css selector\",\"selector\":\".tool_3HMbZ\"}\n  (Session info: chrome=103.0.5060.24)\nStacktrace:\nBacktrace:\n\tOrdinal0 [0x014A56B3+2184883]\n\tOrdinal0 [0x0143E5F1+1762801]\n\tOrdinal0 [0x01353DA8+802216]\n\tOrdinal0 [0x01381B40+990016]\n\tOrdinal0 [0x01381DDB+990683]\n\tOrdinal0 [0x013AEC32+1174578]\n\tOrdinal0 [0x0139CB54+1100628]\n\tOrdinal0 [0x013ACF52+1167186]\n\tOrdinal0 [0x0139C926+1100070]\n\tOrdinal0 [0x01376EA0+945824]\n\tOrdinal0 [0x01377D96+949654]\n\tGetHandleVerifier [0x01744192+2704034]\n\tGetHandleVerifier [0x0173687D+2648461]\n\tGetHandleVerifier [0x0153119A+529066]\n\tGetHandleVerifier [0x01530006+524566]\n\tOrdinal0 [0x01444F2B+1789739]\n\tOrdinal0 [0x01449978+1808760]\n\tOrdinal0 [0x01449A65+1808997]\n\tOrdinal0 [0x01452A01+1845761]\n\tBaseThreadInitThunk [0x7593343D+18]\n\tRtlInitializeExceptionChain [0x77029802+99]\n\tRtlInitializeExceptionChain [0x770297D5+54]","statusTrace":"self = <test_case.test_baidu.TestBaidu object at 0x00000000038EB8D0>\nwd = <selenium.webdriver.chrome.webdriver.WebDriver (session=\"e5898b4f0087a2d98fbf3f05d2fcd95b\")>\n\n    @allure.story(\"case3:search result within 1 day\")\n    def test_03(self,wd):\n>       wd.find_element(by=By.CLASS_NAME, value=\"tool_3HMbZ\").click()\n\ntest_case\\test_baidu.py:41: \n_ _ _ _ _ _ _ _ _ _ _ _ _ _ _ _ _ _ _ _ _ _ _ _ _ _ _ _ _ _ _ _ _ _ _ _ _ _ _ _\nvenv\\lib\\site-packages\\selenium\\webdriver\\remote\\webdriver.py:1253: in find_element\n    'value': value})['value']\nvenv\\lib\\site-packages\\selenium\\webdriver\\remote\\webdriver.py:430: in execute\n    self.error_handler.check_response(response)\n_ _ _ _ _ _ _ _ _ _ _ _ _ _ _ _ _ _ _ _ _ _ _ _ _ _ _ _ _ _ _ _ _ _ _ _ _ _ _ _\n\nself = <selenium.webdriver.remote.errorhandler.ErrorHandler object at 0x00000000034ED668>\nresponse = {'status': 404, 'value': '{\"value\":{\"error\":\"no such element\",\"message\":\"no such element: Unable to locate element: {\\...x7593343D+18]\\\\n\\\\tRtlInitializeExceptionChain [0x77029802+99]\\\\n\\\\tRtlInitializeExceptionChain [0x770297D5+54]\\\\n\"}}'}\n\n    def check_response(self, response: Dict[str, Any]) -> None:\n        \"\"\"\n        Checks that a JSON response from the WebDriver does not have an error.\n    \n        :Args:\n         - response - The JSON response from the WebDriver server as a dictionary\n           object.\n    \n        :Raises: If the response contains an error message.\n        \"\"\"\n        status = response.get('status', None)\n        if not status or status == ErrorCode.SUCCESS:\n            return\n        value = None\n        message = response.get(\"message\", \"\")\n        screen: str = response.get(\"screen\", \"\")\n        stacktrace = None\n        if isinstance(status, int):\n            value_json = response.get('value', None)\n            if value_json and isinstance(value_json, str):\n                import json\n                try:\n                    value = json.loads(value_json)\n                    if len(value.keys()) == 1:\n                        value = value['value']\n                    status = value.get('error', None)\n                    if not status:\n                        status = value.get(\"status\", ErrorCode.UNKNOWN_ERROR)\n                        message = value.get(\"value\") or value.get(\"message\")\n                        if not isinstance(message, str):\n                            value = message\n                            message = message.get('message')\n                    else:\n                        message = value.get('message', None)\n                except ValueError:\n                    pass\n    \n        exception_class: Type[WebDriverException]\n        if status in ErrorCode.NO_SUCH_ELEMENT:\n            exception_class = NoSuchElementException\n        elif status in ErrorCode.NO_SUCH_FRAME:\n            exception_class = NoSuchFrameException\n        elif status in ErrorCode.NO_SUCH_SHADOW_ROOT:\n            exception_class = NoSuchShadowRootException\n        elif status in ErrorCode.NO_SUCH_WINDOW:\n            exception_class = NoSuchWindowException\n        elif status in ErrorCode.STALE_ELEMENT_REFERENCE:\n            exception_class = StaleElementReferenceException\n        elif status in ErrorCode.ELEMENT_NOT_VISIBLE:\n            exception_class = ElementNotVisibleException\n        elif status in ErrorCode.INVALID_ELEMENT_STATE:\n            exception_class = InvalidElementStateException\n        elif status in ErrorCode.INVALID_SELECTOR \\\n                or status in ErrorCode.INVALID_XPATH_SELECTOR \\\n                or status in ErrorCode.INVALID_XPATH_SELECTOR_RETURN_TYPER:\n            exception_class = InvalidSelectorException\n        elif status in ErrorCode.ELEMENT_IS_NOT_SELECTABLE:\n            exception_class = ElementNotSelectableException\n        elif status in ErrorCode.ELEMENT_NOT_INTERACTABLE:\n            exception_class = ElementNotInteractableException\n        elif status in ErrorCode.INVALID_COOKIE_DOMAIN:\n            exception_class = InvalidCookieDomainException\n        elif status in ErrorCode.UNABLE_TO_SET_COOKIE:\n            exception_class = UnableToSetCookieException\n        elif status in ErrorCode.TIMEOUT:\n            exception_class = TimeoutException\n        elif status in ErrorCode.SCRIPT_TIMEOUT:\n            exception_class = TimeoutException\n        elif status in ErrorCode.UNKNOWN_ERROR:\n            exception_class = WebDriverException\n        elif status in ErrorCode.UNEXPECTED_ALERT_OPEN:\n            exception_class = UnexpectedAlertPresentException\n        elif status in ErrorCode.NO_ALERT_OPEN:\n            exception_class = NoAlertPresentException\n        elif status in ErrorCode.IME_NOT_AVAILABLE:\n            exception_class = ImeNotAvailableException\n        elif status in ErrorCode.IME_ENGINE_ACTIVATION_FAILED:\n            exception_class = ImeActivationFailedException\n        elif status in ErrorCode.MOVE_TARGET_OUT_OF_BOUNDS:\n            exception_class = MoveTargetOutOfBoundsException\n        elif status in ErrorCode.JAVASCRIPT_ERROR:\n            exception_class = JavascriptException\n        elif status in ErrorCode.SESSION_NOT_CREATED:\n            exception_class = SessionNotCreatedException\n        elif status in ErrorCode.INVALID_ARGUMENT:\n            exception_class = InvalidArgumentException\n        elif status in ErrorCode.NO_SUCH_COOKIE:\n            exception_class = NoSuchCookieException\n        elif status in ErrorCode.UNABLE_TO_CAPTURE_SCREEN:\n            exception_class = ScreenshotException\n        elif status in ErrorCode.ELEMENT_CLICK_INTERCEPTED:\n            exception_class = ElementClickInterceptedException\n        elif status in ErrorCode.INSECURE_CERTIFICATE:\n            exception_class = InsecureCertificateException\n        elif status in ErrorCode.INVALID_COORDINATES:\n            exception_class = InvalidCoordinatesException\n        elif status in ErrorCode.INVALID_SESSION_ID:\n            exception_class = InvalidSessionIdException\n        elif status in ErrorCode.UNKNOWN_METHOD:\n            exception_class = UnknownMethodException\n        else:\n            exception_class = WebDriverException\n        if not value:\n            value = response['value']\n        if isinstance(value, str):\n            raise exception_class(value)\n        if message == \"\" and 'message' in value:\n            message = value['message']\n    \n        screen = None  # type: ignore[assignment]\n        if 'screen' in value:\n            screen = value['screen']\n    \n        stacktrace = None\n        st_value = value.get('stackTrace') or value.get('stacktrace')\n        if st_value:\n            if isinstance(st_value, str):\n                stacktrace = st_value.split('\\n')\n            else:\n                stacktrace = []\n                try:\n                    for frame in st_value:\n                        line = self._value_or_default(frame, 'lineNumber', '')\n                        file = self._value_or_default(frame, 'fileName', '<anonymous>')\n                        if line:\n                            file = \"%s:%s\" % (file, line)\n                        meth = self._value_or_default(frame, 'methodName', '<anonymous>')\n                        if 'className' in frame:\n                            meth = \"%s.%s\" % (frame['className'], meth)\n                        msg = \"    at %s (%s)\"\n                        msg = msg % (meth, file)\n                        stacktrace.append(msg)\n                except TypeError:\n                    pass\n        if exception_class == UnexpectedAlertPresentException:\n            alert_text = None\n            if 'data' in value:\n                alert_text = value['data'].get('text')\n            elif 'alert' in value:\n                alert_text = value['alert'].get('text')\n            raise exception_class(message, screen, stacktrace, alert_text)  # type: ignore[call-arg]  # mypy is not smart enough here\n>       raise exception_class(message, screen, stacktrace)\nE       selenium.common.exceptions.NoSuchElementException: Message: no such element: Unable to locate element: {\"method\":\"css selector\",\"selector\":\".tool_3HMbZ\"}\nE         (Session info: chrome=103.0.5060.24)\nE       Stacktrace:\nE       Backtrace:\nE       \tOrdinal0 [0x014A56B3+2184883]\nE       \tOrdinal0 [0x0143E5F1+1762801]\nE       \tOrdinal0 [0x01353DA8+802216]\nE       \tOrdinal0 [0x01381B40+990016]\nE       \tOrdinal0 [0x01381DDB+990683]\nE       \tOrdinal0 [0x013AEC32+1174578]\nE       \tOrdinal0 [0x0139CB54+1100628]\nE       \tOrdinal0 [0x013ACF52+1167186]\nE       \tOrdinal0 [0x0139C926+1100070]\nE       \tOrdinal0 [0x01376EA0+945824]\nE       \tOrdinal0 [0x01377D96+949654]\nE       \tGetHandleVerifier [0x01744192+2704034]\nE       \tGetHandleVerifier [0x0173687D+2648461]\nE       \tGetHandleVerifier [0x0153119A+529066]\nE       \tGetHandleVerifier [0x01530006+524566]\nE       \tOrdinal0 [0x01444F2B+1789739]\nE       \tOrdinal0 [0x01449978+1808760]\nE       \tOrdinal0 [0x01449A65+1808997]\nE       \tOrdinal0 [0x01452A01+1845761]\nE       \tBaseThreadInitThunk [0x7593343D+18]\nE       \tRtlInitializeExceptionChain [0x77029802+99]\nE       \tRtlInitializeExceptionChain [0x770297D5+54]\n\nvenv\\lib\\site-packages\\selenium\\webdriver\\remote\\errorhandler.py:247: NoSuchElementException","flaky":false,"newFailed":false,"newBroken":false,"newPassed":false,"retriesCount":0,"retriesStatusChange":false,"beforeStages":[{"name":"wd","time":{"start":1654976539624,"stop":1654976562785,"duration":23161},"status":"passed","steps":[],"attachments":[],"parameters":[],"attachmentsCount":0,"shouldDisplayMessage":false,"stepsCount":0,"hasContent":false}],"afterStages":[{"name":"wd::0","time":{"start":1654976576409,"stop":1654976583487,"duration":7078},"status":"passed","steps":[],"attachments":[],"parameters":[],"attachmentsCount":0,"shouldDisplayMessage":false,"stepsCount":0,"hasContent":false}],"labels":[{"name":"feature","value":"Tasl:Baidu Search"},{"name":"story","value":"case3:search result within 1 day"},{"name":"parentSuite","value":"test_case"},{"name":"suite","value":"test_baidu"},{"name":"subSuite","value":"TestBaidu"},{"name":"host","value":"WIN-106PMN9L8D7"},{"name":"thread","value":"5872-MainThread"},{"name":"framework","value":"pytest"},{"name":"language","value":"cpython3"},{"name":"package","value":"test_case.test_baidu"},{"name":"resultFormat","value":"allure2"}],"parameters":[],"links":[],"hidden":true,"retry":true,"extra":{"categories":[],"tags":[]},"source":"b3f66d97993d628d.json","parameterValues":[]}